{
  "timestamp": "2025-06-28 15:37:15",
  "total_tests": 20,
  "failures": 3,
  "errors": 3,
  "skipped": 0,
  "success_rate": 70.0,
  "details": {
    "failures": [
      {
        "test": "test_management_center (__main__.EnhancedFrontendCompleteTest.test_management_center)",
        "error": "Traceback (most recent call last):\n  File \"D:\\DAIP\\contest\\office-doc-agent\\tests\\test_enhanced_frontend_complete.py\", line 469, in test_management_center\n    self.assertIn('active', class_attr)\nAssertionError: 'active' not found in 'tab-content'\n"
      },
      {
        "test": "test_security (__main__.EnhancedFrontendCompleteTest.test_security)",
        "error": "Traceback (most recent call last):\n  File \"D:\\DAIP\\contest\\office-doc-agent\\tests\\test_enhanced_frontend_complete.py\", line 413, in test_security\n    self.assertTrue(xss_test)\nAssertionError: False is not true\n"
      },
      {
        "test": "test_user_experience (__main__.EnhancedFrontendCompleteTest.test_user_experience)",
        "error": "Traceback (most recent call last):\n  File \"D:\\DAIP\\contest\\office-doc-agent\\tests\\test_enhanced_frontend_complete.py\", line 442, in test_user_experience\n    self.assertTrue(button_text or len(button_children) > 0)\nAssertionError: False is not true\n"
      }
    ],
    "errors": [
      {
        "test": "test_accessibility (__main__.EnhancedFrontendCompleteTest.test_accessibility)",
        "error": "Traceback (most recent call last):\n  File \"D:\\DAIP\\contest\\office-doc-agent\\tests\\test_enhanced_frontend_complete.py\", line 352, in test_accessibility\n    main_title = self.driver.find_element(By.TAG_NAME, 'h1')\n                 ^^^^^^^^^^^^^^^^^^^^^^^^^^^^^^^^^^^^^^^^^^^\n  File \"C:\\Users\\Zhang\\AppData\\Local\\Programs\\Python\\Python312\\Lib\\site-packages\\selenium\\webdriver\\remote\\webdriver.py\", line 914, in find_element\n    return self.execute(Command.FIND_ELEMENT, {\"using\": by, \"value\": value})[\"value\"]\n           ^^^^^^^^^^^^^^^^^^^^^^^^^^^^^^^^^^^^^^^^^^^^^^^^^^^^^^^^^^^^^^^^^\n  File \"C:\\Users\\Zhang\\AppData\\Local\\Programs\\Python\\Python312\\Lib\\site-packages\\selenium\\webdriver\\remote\\webdriver.py\", line 447, in execute\n    self.error_handler.check_response(response)\n  File \"C:\\Users\\Zhang\\AppData\\Local\\Programs\\Python\\Python312\\Lib\\site-packages\\selenium\\webdriver\\remote\\errorhandler.py\", line 232, in check_response\n    raise exception_class(message, screen, stacktrace)\nselenium.common.exceptions.NoSuchElementException: Message: no such element: Unable to locate element: {\"method\":\"tag name\",\"selector\":\"h1\"}\n  (Session info: chrome=138.0.7204.50); For documentation on this error, please visit: https://www.selenium.dev/documentation/webdriver/troubleshooting/errors#no-such-element-exception\nStacktrace:\n\tGetHandleVerifier [0x0x7ff67d216f65+76917]\n\tGetHandleVerifier [0x0x7ff67d216fc0+77008]\n\t(No symbol) [0x0x7ff67cfc9dea]\n\t(No symbol) [0x0x7ff67d020256]\n\t(No symbol) [0x0x7ff67d02050c]\n\t(No symbol) [0x0x7ff67d073887]\n\t(No symbol) [0x0x7ff67d0484af]\n\t(No symbol) [0x0x7ff67d07065c]\n\t(No symbol) [0x0x7ff67d048243]\n\t(No symbol) [0x0x7ff67d011431]\n\t(No symbol) [0x0x7ff67d0121c3]\n\tGetHandleVerifier [0x0x7ff67d4ed29d+3051437]\n\tGetHandleVerifier [0x0x7ff67d4e78f3+3028483]\n\tGetHandleVerifier [0x0x7ff67d50588d+3151261]\n\tGetHandleVerifier [0x0x7ff67d23182e+185662]\n\tGetHandleVerifier [0x0x7ff67d2396ef+218111]\n\tGetHandleVerifier [0x0x7ff67d21fae4+112628]\n\tGetHandleVerifier [0x0x7ff67d21fc99+113065]\n\tGetHandleVerifier [0x0x7ff67d206c68+10616]\n\tBaseThreadInitThunk [0x0x7ffab7b3e8d7+23]\n\tRtlUserThreadStart [0x0x7ffab927c34c+44]\n\n"
      },
      {
        "test": "test_page_loading (__main__.EnhancedFrontendCompleteTest.test_page_loading)",
        "error": "Traceback (most recent call last):\n  File \"D:\\DAIP\\contest\\office-doc-agent\\tests\\test_enhanced_frontend_complete.py\", line 97, in test_page_loading\n    element = self.driver.find_element(By.ID, element_id)\n              ^^^^^^^^^^^^^^^^^^^^^^^^^^^^^^^^^^^^^^^^^^^\n  File \"C:\\Users\\Zhang\\AppData\\Local\\Programs\\Python\\Python312\\Lib\\site-packages\\selenium\\webdriver\\remote\\webdriver.py\", line 914, in find_element\n    return self.execute(Command.FIND_ELEMENT, {\"using\": by, \"value\": value})[\"value\"]\n           ^^^^^^^^^^^^^^^^^^^^^^^^^^^^^^^^^^^^^^^^^^^^^^^^^^^^^^^^^^^^^^^^^\n  File \"C:\\Users\\Zhang\\AppData\\Local\\Programs\\Python\\Python312\\Lib\\site-packages\\selenium\\webdriver\\remote\\webdriver.py\", line 447, in execute\n    self.error_handler.check_response(response)\n  File \"C:\\Users\\Zhang\\AppData\\Local\\Programs\\Python\\Python312\\Lib\\site-packages\\selenium\\webdriver\\remote\\errorhandler.py\", line 232, in check_response\n    raise exception_class(message, screen, stacktrace)\nselenium.common.exceptions.NoSuchElementException: Message: no such element: Unable to locate element: {\"method\":\"css selector\",\"selector\":\"[id=\"app-container\"]\"}\n  (Session info: chrome=138.0.7204.50); For documentation on this error, please visit: https://www.selenium.dev/documentation/webdriver/troubleshooting/errors#no-such-element-exception\nStacktrace:\n\tGetHandleVerifier [0x0x7ff67d216f65+76917]\n\tGetHandleVerifier [0x0x7ff67d216fc0+77008]\n\t(No symbol) [0x0x7ff67cfc9dea]\n\t(No symbol) [0x0x7ff67d020256]\n\t(No symbol) [0x0x7ff67d02050c]\n\t(No symbol) [0x0x7ff67d073887]\n\t(No symbol) [0x0x7ff67d0484af]\n\t(No symbol) [0x0x7ff67d07065c]\n\t(No symbol) [0x0x7ff67d048243]\n\t(No symbol) [0x0x7ff67d011431]\n\t(No symbol) [0x0x7ff67d0121c3]\n\tGetHandleVerifier [0x0x7ff67d4ed29d+3051437]\n\tGetHandleVerifier [0x0x7ff67d4e78f3+3028483]\n\tGetHandleVerifier [0x0x7ff67d50588d+3151261]\n\tGetHandleVerifier [0x0x7ff67d23182e+185662]\n\tGetHandleVerifier [0x0x7ff67d2396ef+218111]\n\tGetHandleVerifier [0x0x7ff67d21fae4+112628]\n\tGetHandleVerifier [0x0x7ff67d21fc99+113065]\n\tGetHandleVerifier [0x0x7ff67d206c68+10616]\n\tBaseThreadInitThunk [0x0x7ffab7b3e8d7+23]\n\tRtlUserThreadStart [0x0x7ffab927c34c+44]\n\n"
      },
      {
        "test": "test_performance (__main__.EnhancedFrontendCompleteTest.test_performance)",
        "error": "Traceback (most recent call last):\n  File \"D:\\DAIP\\contest\\office-doc-agent\\tests\\test_enhanced_frontend_complete.py\", line 374, in test_performance\n    self.wait.until(EC.presence_of_element_located((By.ID, \"app-container\")))\n  File \"C:\\Users\\Zhang\\AppData\\Local\\Programs\\Python\\Python312\\Lib\\site-packages\\selenium\\webdriver\\support\\wait.py\", line 138, in until\n    raise TimeoutException(message, screen, stacktrace)\nselenium.common.exceptions.TimeoutException: Message: \nStacktrace:\n\tGetHandleVerifier [0x0x7ff67d216f65+76917]\n\tGetHandleVerifier [0x0x7ff67d216fc0+77008]\n\t(No symbol) [0x0x7ff67cfc9dea]\n\t(No symbol) [0x0x7ff67d020256]\n\t(No symbol) [0x0x7ff67d02050c]\n\t(No symbol) [0x0x7ff67d073887]\n\t(No symbol) [0x0x7ff67d0484af]\n\t(No symbol) [0x0x7ff67d07065c]\n\t(No symbol) [0x0x7ff67d048243]\n\t(No symbol) [0x0x7ff67d011431]\n\t(No symbol) [0x0x7ff67d0121c3]\n\tGetHandleVerifier [0x0x7ff67d4ed29d+3051437]\n\tGetHandleVerifier [0x0x7ff67d4e78f3+3028483]\n\tGetHandleVerifier [0x0x7ff67d50588d+3151261]\n\tGetHandleVerifier [0x0x7ff67d23182e+185662]\n\tGetHandleVerifier [0x0x7ff67d2396ef+218111]\n\tGetHandleVerifier [0x0x7ff67d21fae4+112628]\n\tGetHandleVerifier [0x0x7ff67d21fc99+113065]\n\tGetHandleVerifier [0x0x7ff67d206c68+10616]\n\tBaseThreadInitThunk [0x0x7ffab7b3e8d7+23]\n\tRtlUserThreadStart [0x0x7ffab927c34c+44]\n\n"
      }
    ]
  }
}